<?xml version="1.0" encoding="UTF-8"?>
<!-- Generated by org.testng.reporters.JUnitReportReporter -->
<testsuite hostname="pro-Vasudevan" failures="0" tests="6" name="SparkReport.Utility" time="14.829" errors="0" timestamp="2022-07-29T14:59:10 IST" skipped="0">
  <testcase classname="SparkReport.Utility" name="Homepage" time="3.122"/>
  <system-out/>
  <testcase classname="SparkReport.Utility" name="loginpage" time="3.374"/>
  <system-out/>
  <testcase classname="SparkReport.Utility" name="forgetpassword" time="2.084"/>
  <system-out/>
  <testcase classname="SparkReport.Utility" name="emailsubmittion" time="2.117"/>
  <system-out/>
  <testcase classname="SparkReport.Utility" name="eye" time="2.049"/>
  <system-out/>
  <testcase classname="SparkReport.Utility" name="hidepassword" time="2.083"/>
  <system-out/>
</testsuite> <!-- SparkReport.Utility -->
